  Source.cpp
c:\users\ben brenkman\source\timptech\gameengine\gameengine\material.h(41): warning C4244: '=': conversion from 'int' to 'float', possible loss of data
c:\users\ben brenkman\source\timptech\gameengine\gameengine\material.h(42): warning C4244: '=': conversion from 'int' to 'float', possible loss of data
  Registry.cpp
c:\users\ben brenkman\source\timptech\gameengine\gameengine\material.h(41): warning C4244: '=': conversion from 'int' to 'float', possible loss of data
c:\users\ben brenkman\source\timptech\gameengine\gameengine\material.h(42): warning C4244: '=': conversion from 'int' to 'float', possible loss of data
  PrimitiveShape.cpp
c:\users\ben brenkman\source\timptech\gameengine\gameengine\material.h(41): warning C4244: '=': conversion from 'int' to 'float', possible loss of data
c:\users\ben brenkman\source\timptech\gameengine\gameengine\material.h(42): warning C4244: '=': conversion from 'int' to 'float', possible loss of data
  OpenGlRenderer.cpp
c:\users\ben brenkman\source\timptech\gameengine\gameengine\material.h(41): warning C4244: '=': conversion from 'int' to 'float', possible loss of data
c:\users\ben brenkman\source\timptech\gameengine\gameengine\material.h(42): warning C4244: '=': conversion from 'int' to 'float', possible loss of data
  Object.cpp
c:\users\ben brenkman\source\timptech\gameengine\gameengine\material.h(41): warning C4244: '=': conversion from 'int' to 'float', possible loss of data
c:\users\ben brenkman\source\timptech\gameengine\gameengine\material.h(42): warning C4244: '=': conversion from 'int' to 'float', possible loss of data
  Camera.cpp
c:\users\ben brenkman\source\timptech\gameengine\gameengine\material.h(41): warning C4244: '=': conversion from 'int' to 'float', possible loss of data
c:\users\ben brenkman\source\timptech\gameengine\gameengine\material.h(42): warning C4244: '=': conversion from 'int' to 'float', possible loss of data
  AssetManager.cpp
c:\users\ben brenkman\source\timptech\gameengine\gameengine\material.h(41): warning C4244: '=': conversion from 'int' to 'float', possible loss of data
c:\users\ben brenkman\source\timptech\gameengine\gameengine\material.h(42): warning C4244: '=': conversion from 'int' to 'float', possible loss of data
c:\users\ben brenkman\source\timptech\gameengine\gameengine\assetmanager.cpp(57): warning C4101: 'fragment': unreferenced local variable
c:\users\ben brenkman\source\timptech\gameengine\gameengine\assetmanager.cpp(57): warning C4101: 'vertex': unreferenced local variable
  Generating Code...
  GameEngine.vcxproj -> C:\Users\Ben Brenkman\source\TimpTech\GameEngine\Debug\GameEngine.exe
