c:\users\ben brenkman\source\timptech\gameengine\gameengine\debug\vc141.pdb
c:\users\ben brenkman\source\timptech\gameengine\gameengine\debug\vc141.idb
c:\users\ben brenkman\source\timptech\gameengine\gameengine\debug\assetmanager.obj
c:\users\ben brenkman\source\timptech\gameengine\gameengine\debug\framebuffer.obj
c:\users\ben brenkman\source\timptech\gameengine\gameengine\debug\openglrenderer.obj
c:\users\ben brenkman\source\timptech\gameengine\gameengine\debug\source.obj
c:\users\ben brenkman\source\timptech\gameengine\gameengine\debug\camera.obj
c:\users\ben brenkman\source\timptech\gameengine\gameengine\debug\shader.obj
c:\users\ben brenkman\source\timptech\gameengine\gameengine\debug\object.obj
c:\users\ben brenkman\source\timptech\gameengine\gameengine\debug\primitiveshape.obj
c:\users\ben brenkman\source\timptech\gameengine\gameengine\debug\verticies.obj
c:\users\ben brenkman\source\timptech\gameengine\gameengine\debug\registry.obj
c:\users\ben brenkman\source\timptech\gameengine\debug\gameengine.lib
c:\users\ben brenkman\source\timptech\gameengine\debug\gameengine.exp
c:\users\ben brenkman\source\timptech\gameengine\debug\gameengine.exe
c:\users\ben brenkman\source\timptech\gameengine\debug\gameengine.ilk
c:\users\ben brenkman\source\timptech\gameengine\debug\gameengine.pdb
c:\users\ben brenkman\source\timptech\gameengine\gameengine\debug\gameengine.tlog\cl.command.1.tlog
c:\users\ben brenkman\source\timptech\gameengine\gameengine\debug\gameengine.tlog\cl.read.1.tlog
c:\users\ben brenkman\source\timptech\gameengine\gameengine\debug\gameengine.tlog\cl.write.1.tlog
c:\users\ben brenkman\source\timptech\gameengine\gameengine\debug\gameengine.tlog\gameengine.write.1u.tlog
c:\users\ben brenkman\source\timptech\gameengine\gameengine\debug\gameengine.tlog\link.command.1.tlog
c:\users\ben brenkman\source\timptech\gameengine\gameengine\debug\gameengine.tlog\link.read.1.tlog
c:\users\ben brenkman\source\timptech\gameengine\gameengine\debug\gameengine.tlog\link.write.1.tlog
