  Source.cpp
  OpenGlRenderer.cpp
  FrameBuffer.cpp
  AssetManager.cpp
  Generating Code...
     Creating library C:\Users\Ben Brenkman\source\TimpTech\GameEngine\x64\Debug\GameEngine.lib and object C:\Users\Ben Brenkman\source\TimpTech\GameEngine\x64\Debug\GameEngine.exp
AssetManager.obj : error LNK2019: unresolved external symbol __imp_glBindTexture referenced in function "public: void __cdecl AssetManager::LoadTexture(unsigned int &,char const *)" (?LoadTexture@AssetManager@@QEAAXAEAIPEBD@Z)
FrameBuffer.obj : error LNK2001: unresolved external symbol __imp_glBindTexture
AssetManager.obj : error LNK2019: unresolved external symbol __imp_glGenTextures referenced in function "public: void __cdecl AssetManager::LoadTexture(unsigned int &,char const *)" (?LoadTexture@AssetManager@@QEAAXAEAIPEBD@Z)
FrameBuffer.obj : error LNK2001: unresolved external symbol __imp_glGenTextures
AssetManager.obj : error LNK2019: unresolved external symbol __imp_glTexImage2D referenced in function "public: void __cdecl AssetManager::LoadTexture(unsigned int &,char const *)" (?LoadTexture@AssetManager@@QEAAXAEAIPEBD@Z)
FrameBuffer.obj : error LNK2001: unresolved external symbol __imp_glTexImage2D
AssetManager.obj : error LNK2019: unresolved external symbol __imp_glTexParameteri referenced in function "public: void __cdecl AssetManager::LoadTexture(unsigned int &,char const *)" (?LoadTexture@AssetManager@@QEAAXAEAIPEBD@Z)
FrameBuffer.obj : error LNK2001: unresolved external symbol __imp_glTexParameteri
AssetManager.obj : error LNK2001: unresolved external symbol __imp___glewAttachShader
AssetManager.obj : error LNK2001: unresolved external symbol __imp___glewCompileShader
AssetManager.obj : error LNK2001: unresolved external symbol __imp___glewCreateProgram
AssetManager.obj : error LNK2001: unresolved external symbol __imp___glewCreateShader
AssetManager.obj : error LNK2001: unresolved external symbol __imp___glewDeleteShader
AssetManager.obj : error LNK2001: unresolved external symbol __imp___glewGetProgramInfoLog
AssetManager.obj : error LNK2001: unresolved external symbol __imp___glewGetProgramiv
AssetManager.obj : error LNK2001: unresolved external symbol __imp___glewGetShaderInfoLog
AssetManager.obj : error LNK2001: unresolved external symbol __imp___glewGetShaderiv
AssetManager.obj : error LNK2001: unresolved external symbol __imp___glewLinkProgram
AssetManager.obj : error LNK2001: unresolved external symbol __imp___glewShaderSource
AssetManager.obj : error LNK2001: unresolved external symbol __imp___glewGenerateMipmap
FrameBuffer.obj : error LNK2001: unresolved external symbol __imp___glewBindBuffer
FrameBuffer.obj : error LNK2001: unresolved external symbol __imp___glewBindFramebuffer
FrameBuffer.obj : error LNK2001: unresolved external symbol __imp___glewCheckFramebufferStatus
FrameBuffer.obj : error LNK2001: unresolved external symbol __imp___glewFramebufferTexture2D
FrameBuffer.obj : error LNK2001: unresolved external symbol __imp___glewGenFramebuffers
OpenGlRenderer.obj : error LNK2019: unresolved external symbol __imp_glClear referenced in function "public: void __cdecl OpenGlRenderer::CreateWindow(int,int)" (?CreateWindow@OpenGlRenderer@@QEAAXHH@Z)
OpenGlRenderer.obj : error LNK2019: unresolved external symbol __imp_glClearColor referenced in function "public: void __cdecl OpenGlRenderer::CreateWindow(int,int)" (?CreateWindow@OpenGlRenderer@@QEAAXHH@Z)
OpenGlRenderer.obj : error LNK2019: unresolved external symbol __imp_glClearDepth referenced in function "public: void __cdecl OpenGlRenderer::CreateWindow(int,int)" (?CreateWindow@OpenGlRenderer@@QEAAXHH@Z)
OpenGlRenderer.obj : error LNK2019: unresolved external symbol __imp_glEnable referenced in function "public: void __cdecl OpenGlRenderer::CreateWindow(int,int)" (?CreateWindow@OpenGlRenderer@@QEAAXHH@Z)
OpenGlRenderer.obj : error LNK2019: unresolved external symbol __imp_glPolygonMode referenced in function "public: void __cdecl OpenGlRenderer::CreateWindow(int,int)" (?CreateWindow@OpenGlRenderer@@QEAAXHH@Z)
OpenGlRenderer.obj : error LNK2019: unresolved external symbol __imp_glViewport referenced in function "public: void __cdecl OpenGlRenderer::CreateWindow(int,int)" (?CreateWindow@OpenGlRenderer@@QEAAXHH@Z)
OpenGlRenderer.obj : error LNK2019: unresolved external symbol __imp_glewInit referenced in function "public: void __cdecl OpenGlRenderer::CreateWindow(int,int)" (?CreateWindow@OpenGlRenderer@@QEAAXHH@Z)
..\lib\GLEW\glew32.lib : warning LNK4272: library machine type 'x86' conflicts with target machine type 'x64'
C:\Users\Ben Brenkman\source\TimpTech\GameEngine\x64\Debug\GameEngine.exe : fatal error LNK1120: 28 unresolved externals
